-------------------------------------------------------------------------------
Test set: de.maulmann.MinifyCompressTest
-------------------------------------------------------------------------------
Tests run: 4, Failures: 2, Errors: 0, Skipped: 0, Time elapsed: 0.046 s <<< FAILURE! -- in de.maulmann.MinifyCompressTest
de.maulmann.MinifyCompressTest.testMinifyHTML -- Time elapsed: 0.012 s <<< FAILURE!
org.opentest4j.AssertionFailedError: H1 content should match Jsoup's output from verbose input. ==> expected: <true> but was: <false>
	at org.junit.jupiter.api.AssertionFailureBuilder.build(AssertionFailureBuilder.java:158)
	at org.junit.jupiter.api.AssertionFailureBuilder.buildAndThrow(AssertionFailureBuilder.java:139)
	at org.junit.jupiter.api.AssertTrue.failNotTrue(AssertTrue.java:69)
	at org.junit.jupiter.api.AssertTrue.assertTrue(AssertTrue.java:41)
	at org.junit.jupiter.api.Assertions.assertTrue(Assertions.java:228)
	at de.maulmann.MinifyCompressTest.testMinifyHTML(MinifyCompressTest.java:95)

de.maulmann.MinifyCompressTest.testMain -- Time elapsed: 0.012 s <<< FAILURE!
org.opentest4j.AssertionFailedError: H1 content should be present and match expected. ==> expected: <true> but was: <false>
	at org.junit.jupiter.api.AssertionFailureBuilder.build(AssertionFailureBuilder.java:158)
	at org.junit.jupiter.api.AssertionFailureBuilder.buildAndThrow(AssertionFailureBuilder.java:139)
	at org.junit.jupiter.api.AssertTrue.failNotTrue(AssertTrue.java:69)
	at org.junit.jupiter.api.AssertTrue.assertTrue(AssertTrue.java:41)
	at org.junit.jupiter.api.Assertions.assertTrue(Assertions.java:228)
	at de.maulmann.MinifyCompressTest.testMain(MinifyCompressTest.java:218)
